[2024-12-29T20:32:12.075+0000] {local_task_job_runner.py:123} INFO - ::group::Pre task execution logs
[2024-12-29T20:32:12.095+0000] {taskinstance.py:2613} INFO - Dependencies all met for dep_context=non-requeueable deps ti=<TaskInstance: etl_reddit_pipeline.reddit_extraction scheduled__2024-12-28T00:00:00+00:00 [queued]>
[2024-12-29T20:32:12.100+0000] {taskinstance.py:2613} INFO - Dependencies all met for dep_context=requeueable deps ti=<TaskInstance: etl_reddit_pipeline.reddit_extraction scheduled__2024-12-28T00:00:00+00:00 [queued]>
[2024-12-29T20:32:12.101+0000] {taskinstance.py:2866} INFO - Starting attempt 1 of 1
[2024-12-29T20:32:12.109+0000] {taskinstance.py:2889} INFO - Executing <Task(PythonOperator): reddit_extraction> on 2024-12-28 00:00:00+00:00
[2024-12-29T20:32:12.124+0000] {standard_task_runner.py:72} INFO - Started process 53 to run task
[2024-12-29T20:32:12.147+0000] {standard_task_runner.py:104} INFO - Running: ['airflow', 'tasks', 'run', 'etl_reddit_pipeline', 'reddit_extraction', 'scheduled__2024-12-28T00:00:00+00:00', '--job-id', '13', '--raw', '--subdir', 'DAGS_FOLDER/reddit_dag.py', '--cfg-path', '/tmp/tmpfjq6mpzo']
[2024-12-29T20:32:12.171+0000] {standard_task_runner.py:105} INFO - Job 13: Subtask reddit_extraction
[2024-12-29T20:32:12.298+0000] {task_command.py:467} INFO - Running <TaskInstance: etl_reddit_pipeline.reddit_extraction scheduled__2024-12-28T00:00:00+00:00 [running]> on host a7d4b2b5ecb4
[2024-12-29T20:32:12.377+0000] {taskinstance.py:3132} INFO - Exporting env vars: AIRFLOW_CTX_DAG_OWNER='Diego Vargas' AIRFLOW_CTX_DAG_ID='etl_reddit_pipeline' AIRFLOW_CTX_TASK_ID='reddit_extraction' AIRFLOW_CTX_EXECUTION_DATE='2024-12-28T00:00:00+00:00' AIRFLOW_CTX_TRY_NUMBER='1' AIRFLOW_CTX_DAG_RUN_ID='scheduled__2024-12-28T00:00:00+00:00'
[2024-12-29T20:32:12.378+0000] {taskinstance.py:731} INFO - ::endgroup::
[2024-12-29T20:32:12.620+0000] {logging_mixin.py:190} INFO - Successfully connected to reddit.
[2024-12-29T20:32:13.282+0000] {python.py:240} INFO - Done. Returned value was: /opt/airflow/data/output/reddit_20241229.csv
[2024-12-29T20:32:13.315+0000] {taskinstance.py:340} INFO - ::group::Post task execution logs
[2024-12-29T20:32:13.316+0000] {taskinstance.py:352} INFO - Marking task as SUCCESS. dag_id=etl_reddit_pipeline, task_id=reddit_extraction, run_id=scheduled__2024-12-28T00:00:00+00:00, execution_date=20241228T000000, start_date=20241229T203212, end_date=20241229T203213
[2024-12-29T20:32:13.378+0000] {local_task_job_runner.py:266} INFO - Task exited with return code 0
[2024-12-29T20:32:13.415+0000] {taskinstance.py:3895} INFO - 1 downstream tasks scheduled from follow-on schedule check
[2024-12-29T20:32:13.415+0000] {local_task_job_runner.py:245} INFO - ::endgroup::
[2024-12-29T20:35:53.455+0000] {local_task_job_runner.py:123} INFO - ::group::Pre task execution logs
[2024-12-29T20:35:53.468+0000] {taskinstance.py:2613} INFO - Dependencies all met for dep_context=non-requeueable deps ti=<TaskInstance: etl_reddit_pipeline.reddit_extraction scheduled__2024-12-28T00:00:00+00:00 [queued]>
[2024-12-29T20:35:53.472+0000] {taskinstance.py:2613} INFO - Dependencies all met for dep_context=requeueable deps ti=<TaskInstance: etl_reddit_pipeline.reddit_extraction scheduled__2024-12-28T00:00:00+00:00 [queued]>
[2024-12-29T20:35:53.472+0000] {taskinstance.py:2866} INFO - Starting attempt 1 of 1
[2024-12-29T20:35:53.478+0000] {taskinstance.py:2889} INFO - Executing <Task(PythonOperator): reddit_extraction> on 2024-12-28 00:00:00+00:00
[2024-12-29T20:35:53.490+0000] {standard_task_runner.py:72} INFO - Started process 53 to run task
[2024-12-29T20:35:53.495+0000] {standard_task_runner.py:104} INFO - Running: ['airflow', 'tasks', 'run', 'etl_reddit_pipeline', 'reddit_extraction', 'scheduled__2024-12-28T00:00:00+00:00', '--job-id', '2', '--raw', '--subdir', 'DAGS_FOLDER/reddit_dag.py', '--cfg-path', '/tmp/tmpwgf6cqwd']
[2024-12-29T20:35:53.507+0000] {standard_task_runner.py:105} INFO - Job 2: Subtask reddit_extraction
[2024-12-29T20:35:53.686+0000] {task_command.py:467} INFO - Running <TaskInstance: etl_reddit_pipeline.reddit_extraction scheduled__2024-12-28T00:00:00+00:00 [running]> on host 7997d701218d
[2024-12-29T20:35:53.734+0000] {taskinstance.py:3132} INFO - Exporting env vars: AIRFLOW_CTX_DAG_OWNER='Diego Vargas' AIRFLOW_CTX_DAG_ID='etl_reddit_pipeline' AIRFLOW_CTX_TASK_ID='reddit_extraction' AIRFLOW_CTX_EXECUTION_DATE='2024-12-28T00:00:00+00:00' AIRFLOW_CTX_TRY_NUMBER='1' AIRFLOW_CTX_DAG_RUN_ID='scheduled__2024-12-28T00:00:00+00:00'
[2024-12-29T20:35:53.735+0000] {taskinstance.py:731} INFO - ::endgroup::
[2024-12-29T20:35:53.940+0000] {logging_mixin.py:190} INFO - Successfully connected to reddit.
[2024-12-29T20:35:54.588+0000] {python.py:240} INFO - Done. Returned value was: /opt/airflow/data/output/reddit_20241229.csv
[2024-12-29T20:35:54.602+0000] {taskinstance.py:340} INFO - ::group::Post task execution logs
[2024-12-29T20:35:54.602+0000] {taskinstance.py:352} INFO - Marking task as SUCCESS. dag_id=etl_reddit_pipeline, task_id=reddit_extraction, run_id=scheduled__2024-12-28T00:00:00+00:00, execution_date=20241228T000000, start_date=20241229T203553, end_date=20241229T203554
[2024-12-29T20:35:54.622+0000] {local_task_job_runner.py:266} INFO - Task exited with return code 0
[2024-12-29T20:35:54.639+0000] {taskinstance.py:3895} INFO - 1 downstream tasks scheduled from follow-on schedule check
[2024-12-29T20:35:54.639+0000] {local_task_job_runner.py:245} INFO - ::endgroup::
