[2024-12-29T20:32:14.474+0000] {local_task_job_runner.py:123} INFO - ::group::Pre task execution logs
[2024-12-29T20:32:14.483+0000] {taskinstance.py:2613} INFO - Dependencies all met for dep_context=non-requeueable deps ti=<TaskInstance: etl_reddit_pipeline.s3_upload scheduled__2024-12-28T00:00:00+00:00 [queued]>
[2024-12-29T20:32:14.488+0000] {taskinstance.py:2613} INFO - Dependencies all met for dep_context=requeueable deps ti=<TaskInstance: etl_reddit_pipeline.s3_upload scheduled__2024-12-28T00:00:00+00:00 [queued]>
[2024-12-29T20:32:14.489+0000] {taskinstance.py:2866} INFO - Starting attempt 1 of 1
[2024-12-29T20:32:14.495+0000] {taskinstance.py:2889} INFO - Executing <Task(PythonOperator): s3_upload> on 2024-12-28 00:00:00+00:00
[2024-12-29T20:32:14.507+0000] {standard_task_runner.py:72} INFO - Started process 57 to run task
[2024-12-29T20:32:14.511+0000] {standard_task_runner.py:104} INFO - Running: ['airflow', 'tasks', 'run', 'etl_reddit_pipeline', 's3_upload', 'scheduled__2024-12-28T00:00:00+00:00', '--job-id', '14', '--raw', '--subdir', 'DAGS_FOLDER/reddit_dag.py', '--cfg-path', '/tmp/tmp7creoxfu']
[2024-12-29T20:32:14.514+0000] {standard_task_runner.py:105} INFO - Job 14: Subtask s3_upload
[2024-12-29T20:32:14.560+0000] {task_command.py:467} INFO - Running <TaskInstance: etl_reddit_pipeline.s3_upload scheduled__2024-12-28T00:00:00+00:00 [running]> on host a7d4b2b5ecb4
[2024-12-29T20:32:14.608+0000] {taskinstance.py:3132} INFO - Exporting env vars: AIRFLOW_CTX_DAG_OWNER='Diego Vargas' AIRFLOW_CTX_DAG_ID='etl_reddit_pipeline' AIRFLOW_CTX_TASK_ID='s3_upload' AIRFLOW_CTX_EXECUTION_DATE='2024-12-28T00:00:00+00:00' AIRFLOW_CTX_TRY_NUMBER='1' AIRFLOW_CTX_DAG_RUN_ID='scheduled__2024-12-28T00:00:00+00:00'
[2024-12-29T20:32:14.609+0000] {taskinstance.py:731} INFO - ::endgroup::
[2024-12-29T20:32:15.816+0000] {logging_mixin.py:190} INFO - Bucket Already Exists
[2024-12-29T20:32:16.138+0000] {logging_mixin.py:190} INFO - File uploaded to s3
[2024-12-29T20:32:16.139+0000] {python.py:240} INFO - Done. Returned value was: None
[2024-12-29T20:32:16.246+0000] {taskinstance.py:340} INFO - ::group::Post task execution logs
[2024-12-29T20:32:16.247+0000] {taskinstance.py:352} INFO - Marking task as SUCCESS. dag_id=etl_reddit_pipeline, task_id=s3_upload, run_id=scheduled__2024-12-28T00:00:00+00:00, execution_date=20241228T000000, start_date=20241229T203214, end_date=20241229T203216
[2024-12-29T20:32:16.365+0000] {local_task_job_runner.py:266} INFO - Task exited with return code 0
[2024-12-29T20:32:16.482+0000] {taskinstance.py:3895} INFO - 0 downstream tasks scheduled from follow-on schedule check
[2024-12-29T20:32:16.483+0000] {local_task_job_runner.py:245} INFO - ::endgroup::
[2024-12-29T20:35:55.726+0000] {local_task_job_runner.py:123} INFO - ::group::Pre task execution logs
[2024-12-29T20:35:55.744+0000] {taskinstance.py:2613} INFO - Dependencies all met for dep_context=non-requeueable deps ti=<TaskInstance: etl_reddit_pipeline.s3_upload scheduled__2024-12-28T00:00:00+00:00 [queued]>
[2024-12-29T20:35:55.749+0000] {taskinstance.py:2613} INFO - Dependencies all met for dep_context=requeueable deps ti=<TaskInstance: etl_reddit_pipeline.s3_upload scheduled__2024-12-28T00:00:00+00:00 [queued]>
[2024-12-29T20:35:55.749+0000] {taskinstance.py:2866} INFO - Starting attempt 1 of 1
[2024-12-29T20:35:55.754+0000] {taskinstance.py:2889} INFO - Executing <Task(PythonOperator): s3_upload> on 2024-12-28 00:00:00+00:00
[2024-12-29T20:35:55.760+0000] {standard_task_runner.py:72} INFO - Started process 57 to run task
[2024-12-29T20:35:55.762+0000] {standard_task_runner.py:104} INFO - Running: ['airflow', 'tasks', 'run', 'etl_reddit_pipeline', 's3_upload', 'scheduled__2024-12-28T00:00:00+00:00', '--job-id', '3', '--raw', '--subdir', 'DAGS_FOLDER/reddit_dag.py', '--cfg-path', '/tmp/tmpzft7agdq']
[2024-12-29T20:35:55.767+0000] {standard_task_runner.py:105} INFO - Job 3: Subtask s3_upload
[2024-12-29T20:35:55.801+0000] {task_command.py:467} INFO - Running <TaskInstance: etl_reddit_pipeline.s3_upload scheduled__2024-12-28T00:00:00+00:00 [running]> on host 7997d701218d
[2024-12-29T20:35:55.831+0000] {taskinstance.py:3132} INFO - Exporting env vars: AIRFLOW_CTX_DAG_OWNER='Diego Vargas' AIRFLOW_CTX_DAG_ID='etl_reddit_pipeline' AIRFLOW_CTX_TASK_ID='s3_upload' AIRFLOW_CTX_EXECUTION_DATE='2024-12-28T00:00:00+00:00' AIRFLOW_CTX_TRY_NUMBER='1' AIRFLOW_CTX_DAG_RUN_ID='scheduled__2024-12-28T00:00:00+00:00'
[2024-12-29T20:35:55.831+0000] {taskinstance.py:731} INFO - ::endgroup::
[2024-12-29T20:35:56.526+0000] {logging_mixin.py:190} INFO - Bucket Already Exists
[2024-12-29T20:35:56.774+0000] {logging_mixin.py:190} INFO - File uploaded to s3
[2024-12-29T20:35:56.775+0000] {python.py:240} INFO - Done. Returned value was: None
[2024-12-29T20:35:56.792+0000] {taskinstance.py:340} INFO - ::group::Post task execution logs
[2024-12-29T20:35:56.793+0000] {taskinstance.py:352} INFO - Marking task as SUCCESS. dag_id=etl_reddit_pipeline, task_id=s3_upload, run_id=scheduled__2024-12-28T00:00:00+00:00, execution_date=20241228T000000, start_date=20241229T203555, end_date=20241229T203556
[2024-12-29T20:35:56.849+0000] {local_task_job_runner.py:266} INFO - Task exited with return code 0
[2024-12-29T20:35:56.871+0000] {taskinstance.py:3895} INFO - 0 downstream tasks scheduled from follow-on schedule check
[2024-12-29T20:35:56.872+0000] {local_task_job_runner.py:245} INFO - ::endgroup::
